<?xml version="1.0" encoding="UTF-8"?>
<!-- Generated by org.testng.reporters.JUnitReportReporter -->
<testsuite hostname="897-AL410B7LP" name="com.sand.box.TestClass" tests="1" failures="0" timestamp="8 Aug 2014 03:48:41 GMT" time="8.296" errors="0">
  <testcase name="runThisTest" time="8.296" classname="com.sand.box.TestClass"/>
</testsuite> <!-- com.sand.box.TestClass -->
